/home/students_tg21f/j_boyd/public_html/public_html/Scripts/quickServ.js:10
const http = new Http.Server(server);
             ^

ReferenceError: Http is not defined
    at Object.<anonymous> (/home/students_tg21f/j_boyd/public_html/public_html/Scripts/quickServ.js:10:14)
    at Module._compile (node:internal/modules/cjs/loader:1097:14)
    at Object.Module._extensions..js (node:internal/modules/cjs/loader:1149:10)
    at Module.load (node:internal/modules/cjs/loader:975:32)
    at Function.Module._load (node:internal/modules/cjs/loader:822:12)
    at Function.executeUserEntryPoint [as runMain] (node:internal/modules/run_main:81:12)
    at node:internal/main/run_main_module:17:47

Node.js v17.1.0
Listening on port 3711.
Databases:
 - data
 - learn-data-api
 - newdb
 - sample_airbnb
 - sample_analytics
 - sample_geospatial
 - sample_mflix
 - sample_restaurants
 - sample_supplies
 - sample_training
 - sample_weatherdata
 - admin
 - local
